<?xml version="1.0" encoding="UTF-8"?>
<testng-results ignored="0" total="2" passed="2" failed="0" skipped="0">
  <reporter-output>
  </reporter-output>
  <suite started-at="2024-02-28T11:40:50 IST" name="Suite" finished-at="2024-02-28T11:41:24 IST" duration-ms="34247">
    <groups>
    </groups>
    <test started-at="2024-02-28T11:40:50 IST" name="testng" finished-at="2024-02-28T11:41:24 IST" duration-ms="34247">
      <class name="TestNG1.AxisQA.InvokeEdge">
        <test-method signature="f()[pri:0, instance:TestNG1.AxisQA.InvokeEdge@7a4ccb53]" started-at="2024-02-28T11:41:06 IST" name="f" finished-at="2024-02-28T11:41:24 IST" duration-ms="17810" status="PASS">
          <reporter-output>
          </reporter-output>
        </test-method> <!-- f -->
      </class> <!-- TestNG1.AxisQA.InvokeEdge -->
      <class name="TestNG1.AxisQA.InvokeChromebrowser">
        <test-method signature="f()[pri:0, instance:TestNG1.AxisQA.InvokeChromebrowser@61dd025]" started-at="2024-02-28T11:40:50 IST" name="f" finished-at="2024-02-28T11:41:06 IST" duration-ms="16299" status="PASS">
          <reporter-output>
          </reporter-output>
        </test-method> <!-- f -->
      </class> <!-- TestNG1.AxisQA.InvokeChromebrowser -->
    </test> <!-- testng -->
  </suite> <!-- Suite -->
</testng-results>
